Log file open, 03/22/22 19:59:51
LogWindows: Failed to load 'aqProf.dll' (GetLastError=126)
LogWindows: File 'aqProf.dll' does not exist
LogWindows: Failed to load 'VtuneApi.dll' (GetLastError=126)
LogWindows: File 'VtuneApi.dll' does not exist
LogWindows: Failed to load 'VtuneApi32e.dll' (GetLastError=126)
LogWindows: File 'VtuneApi32e.dll' does not exist
LogConsoleResponse: Display: Failed to find resolution value strings in scalability ini. Falling back to default.
LogConsoleResponse: Display: Failed to find resolution value strings in scalability ini. Falling back to default.
LogInit: Display: Running engine for game: Quiz3
LogPlatformFile: Not using cached read wrapper
LogTaskGraph: Started task graph with 5 named threads and 26 total threads with 3 sets of task threads.
LogStats: Stats thread started at 0.667072
LogICUInternationalization: ICU TimeZone Detection - Raw Offset: -5:00, Platform Override: ''
LogInit: Display: Loading text-based GConfig....
LogPluginManager: Mounting plugin MeshPainting
LogPluginManager: Mounting plugin XGEController
LogPluginManager: Mounting plugin Paper2D
LogPluginManager: Mounting plugin AISupport
LogPluginManager: Mounting plugin EnvironmentQueryEditor
LogPluginManager: Mounting plugin LiveLink
LogPluginManager: Mounting plugin LightPropagationVolume
LogPluginManager: Mounting plugin AnimationSharing
LogPluginManager: Mounting plugin GameplayCameras
LogPluginManager: Mounting plugin CameraShakePreviewer
LogPluginManager: Mounting plugin CLionSourceCodeAccess
LogPluginManager: Mounting plugin CodeLiteSourceCodeAccess
LogPluginManager: Mounting plugin KDevelopSourceCodeAccess
LogPluginManager: Mounting plugin NullSourceCodeAccess
LogPluginManager: Mounting plugin PerforceSourceControl
LogPluginManager: Mounting plugin PixWinPlugin
LogPluginManager: Mounting plugin PlasticSourceControl
LogPluginManager: Mounting plugin PluginUtils
LogPluginManager: Mounting plugin PropertyAccessNode
LogPluginManager: Mounting plugin RiderSourceCodeAccess
LogPluginManager: Mounting plugin SubversionSourceControl
LogPluginManager: Mounting plugin TextureFormatOodle
LogPluginManager: Mounting plugin UObjectPlugin
LogPluginManager: Mounting plugin VisualStudioCodeSourceCodeAccess
LogPluginManager: Mounting plugin XCodeSourceCodeAccess
LogPluginManager: Mounting plugin DatasmithContent
LogPluginManager: Mounting plugin GitSourceControl
LogPluginManager: Mounting plugin VariantManagerContent
LogPluginManager: Mounting plugin AutomationUtils
LogPluginManager: Mounting plugin BackChannel
LogPluginManager: Mounting plugin ChaosCloth
LogPluginManager: Mounting plugin ChaosClothEditor
LogPluginManager: Mounting plugin ChaosNiagara
LogPluginManager: Mounting plugin ChaosSolverPlugin
LogPluginManager: Mounting plugin CharacterAI
LogPluginManager: Mounting plugin AlembicImporter
LogPluginManager: Mounting plugin ChaosEditor
LogPluginManager: Mounting plugin GeometryCache
LogPluginManager: Mounting plugin GeometryProcessing
LogPluginManager: Mounting plugin GeometryCollectionPlugin
LogPluginManager: Mounting plugin MotoSynth
LogPluginManager: Mounting plugin OpenImageDenoise
LogPluginManager: Mounting plugin PlanarCut
LogPluginManager: Mounting plugin ProxyLODPlugin
LogPluginManager: Mounting plugin PlatformCrypto
LogPluginManager: Mounting plugin VisualStudioSourceCodeAccess
LogPluginManager: Mounting plugin SkeletalReduction
LogPluginManager: Mounting plugin PythonScriptPlugin
LogPluginManager: Mounting plugin Niagara
LogPluginManager: Mounting plugin LuminPlatformFeatures
LogPluginManager: Mounting plugin MagicLeap
LogPluginManager: Mounting plugin MagicLeapLightEstimation
LogPluginManager: Mounting plugin MagicLeapMedia
LogPluginManager: Mounting plugin MagicLeapPassableWorld
LogPluginManager: Mounting plugin MLSDK
LogPluginManager: Mounting plugin AndroidMedia
LogPluginManager: Mounting plugin AvfMedia
LogPluginManager: Mounting plugin MediaCompositing
LogPluginManager: Mounting plugin ImgMedia
LogPluginManager: Mounting plugin MediaPlayerEditor
LogPluginManager: Mounting plugin WebMMedia
LogPluginManager: Mounting plugin WmfMedia
LogPluginManager: Mounting plugin UdpMessaging
LogPluginManager: Mounting plugin ActorSequence
LogPluginManager: Mounting plugin LevelSequenceEditor
LogPluginManager: Mounting plugin MatineeToLevelSequence
LogPluginManager: Mounting plugin TcpMessaging
LogPluginManager: Mounting plugin TemplateSequence
LogPluginManager: Mounting plugin OnlineSubsystem
LogPluginManager: Mounting plugin OnlineSubsystemNull
LogPluginManager: Mounting plugin OnlineSubsystemUtils
LogPluginManager: Mounting plugin LauncherChunkInstaller
LogPluginManager: Mounting plugin ActorLayerUtilities
LogPluginManager: Mounting plugin AndroidDeviceProfileSelector
LogPluginManager: Mounting plugin AndroidMoviePlayer
LogPluginManager: Mounting plugin AndroidPermission
LogPluginManager: Mounting plugin AppleImageUtils
LogPluginManager: Mounting plugin AppleMoviePlayer
LogPluginManager: Mounting plugin AssetTags
LogPluginManager: Mounting plugin ArchVisCharacter
LogPluginManager: Mounting plugin AudioCapture
LogPluginManager: Mounting plugin AudioSynesthesia
LogPluginManager: Mounting plugin CableComponent
LogPluginManager: Mounting plugin ChunkDownloader
LogPluginManager: Mounting plugin CustomMeshComponent
LogPluginManager: Mounting plugin EditableMesh
LogPluginManager: Mounting plugin ExampleDeviceProfileSelector
LogPluginManager: Mounting plugin GoogleCloudMessaging
LogPluginManager: Mounting plugin GooglePAD
LogPluginManager: Mounting plugin IOSDeviceProfileSelector
LogPluginManager: Mounting plugin LinuxDeviceProfileSelector
LogPluginManager: Mounting plugin LocationServicesBPLibrary
LogPluginManager: Mounting plugin MobilePatchingUtils
LogPluginManager: Mounting plugin OpenXR
LogPluginManager: Mounting plugin OpenXREyeTracker
LogPluginManager: Mounting plugin OpenXRHandTracking
LogPluginManager: Mounting plugin PhysXVehicles
LogPluginManager: Mounting plugin PostSplashScreen
LogPluginManager: Mounting plugin ProceduralMeshComponent
LogPluginManager: Mounting plugin PropertyAccessEditor
LogPluginManager: Mounting plugin RuntimePhysXCooking
LogPluginManager: Mounting plugin SignificanceManager
LogPluginManager: Mounting plugin SoundFields
LogPluginManager: Mounting plugin Synthesis
LogPluginManager: Mounting plugin WebMMoviePlayer
LogPluginManager: Mounting plugin WindowsMoviePlayer
LogPluginManager: Mounting plugin ScreenshotTools
LogPluginManager: Mounting plugin Takes
LogPluginManager: Mounting plugin OodleNetwork
LogPluginManager: Mounting plugin OodleData
LogPluginManager: Mounting plugin AssetManagerEditor
LogPluginManager: Mounting plugin CryptoKeys
LogPluginManager: Mounting plugin CurveEditorTools
LogPluginManager: Mounting plugin DataValidation
LogPluginManager: Mounting plugin FacialAnimation
LogPluginManager: Mounting plugin GameplayTagsEditor
LogPluginManager: Mounting plugin GeometryMode
LogPluginManager: Mounting plugin MacGraphicsSwitching
LogPluginManager: Mounting plugin MobileLauncherProfileWizard
LogPluginManager: Mounting plugin PluginBrowser
LogPluginManager: Mounting plugin SpeedTreeImporter
LogPluginManager: Mounting plugin MaterialAnalyzer
LogPluginManager: Mounting plugin OnlineSubsystemGooglePlay
LogPluginManager: Mounting plugin OnlineSubsystemIOS
LogPluginManager: Mounting plugin OculusVR
LogPluginManager: Mounting plugin SteamVR
LogPluginManager: Mounting plugin ContentBrowserAssetDataSource
LogPluginManager: Mounting plugin ContentBrowserClassDataSource
LogPluginManager: Mounting plugin ContentBrowserFileDataSource
PixWinPlugin: PIX capture plugin failed to initialize! Check that the process is launched from PIX.
LogInit: Using libcurl 7.55.1-DEV
LogInit:  - built for x86_64-pc-win32
LogInit:  - supports SSL with OpenSSL/1.1.1
LogInit:  - supports HTTP deflate (compression) using libz 1.2.8
LogInit:  - other features:
LogInit:      CURL_VERSION_SSL
LogInit:      CURL_VERSION_LIBZ
LogInit:      CURL_VERSION_IPV6
LogInit:      CURL_VERSION_ASYNCHDNS
LogInit:      CURL_VERSION_LARGEFILE
LogInit:      CURL_VERSION_IDN
LogInit:  CurlRequestOptions (configurable via config and command line):
LogInit:  - bVerifyPeer = true  - Libcurl will verify peer certificate
LogInit:  - bUseHttpProxy = false  - Libcurl will NOT use HTTP proxy
LogInit:  - bDontReuseConnections = false  - Libcurl will reuse connections
LogInit:  - MaxHostConnections = 16  - Libcurl will limit the number of connections to a host
LogInit:  - LocalHostAddr = Default
LogInit:  - BufferSize = 65536
LogOnline: OSS: Creating online subsystem instance for: NULL
LogInit: WinSock: version 1.1 (2.2), MaxSocks=32767, MaxUdp=65467
LogOnline: OSS: TryLoadSubsystemAndSetDefault: Loaded subsystem for module [NULL]
LogOculusPluginWrapper: OculusPlugin initialized successfully
LogHMD: Failed initializing OVRPlugin 1.59.0
LogInit: Build: ++UE4+Release-4.27-CL-17155196
LogInit: Engine Version: 4.27.0-17155196+++UE4+Release-4.27
LogInit: Compatible Engine Version: 4.27.0-17155196+++UE4+Release-4.27
LogInit: Net CL: 17155196
LogInit: OS: Windows 10 (Release 2009) (), CPU: Intel(R) Core(TM) i7-9700K CPU @ 3.60GHz, GPU: NVIDIA GeForce RTX 2080 SUPER
LogInit: Compiled (64-bit): Aug 13 2021 06:13:13
LogInit: Compiled with Visual C++: 19.24.28315.00
LogInit: Build Configuration: Development
LogInit: Branch Name: ++UE4+Release-4.27
LogInit: Command Line:  /Game/ThirdPersonCPP/Maps/ThirdPersonExampleMap -game -PIEVIACONSOLE -Multiprocess GameUserSettingsINI=D:/Repos/GPR300Quiz3/Quiz3/Saved/Config/Windows/PIEGameUserSettings0.ini -MultiprocessSaveConfig -forcepassthrough -messaging -SessionName="Play in Standalone Game" -windowed -ResX=1280 -ResY=720
LogInit: Base Directory: D:/Program Files/Epic/UE_4.27/Engine/Binaries/Win64/
LogInit: Allocator: TBB
LogInit: Installed Engine Build: 1
LogDevObjectVersion: Number of dev versions registered: 29
LogDevObjectVersion:   Dev-Blueprints (B0D832E4-1F89-4F0D-ACCF-7EB736FD4AA2): 10
LogDevObjectVersion:   Dev-Build (E1C64328-A22C-4D53-A36C-8E866417BD8C): 0
LogDevObjectVersion:   Dev-Core (375EC13C-06E4-48FB-B500-84F0262A717E): 4
LogDevObjectVersion:   Dev-Editor (E4B068ED-F494-42E9-A231-DA0B2E46BB41): 40
LogDevObjectVersion:   Dev-Framework (CFFC743F-43B0-4480-9391-14DF171D2073): 37
LogDevObjectVersion:   Dev-Mobile (B02B49B5-BB20-44E9-A304-32B752E40360): 3
LogDevObjectVersion:   Dev-Networking (A4E4105C-59A1-49B5-A7C5-40C4547EDFEE): 0
LogDevObjectVersion:   Dev-Online (39C831C9-5AE6-47DC-9A44-9C173E1C8E7C): 0
LogDevObjectVersion:   Dev-Physics (78F01B33-EBEA-4F98-B9B4-84EACCB95AA2): 14
LogDevObjectVersion:   Dev-Platform (6631380F-2D4D-43E0-8009-CF276956A95A): 0
LogDevObjectVersion:   Dev-Rendering (12F88B9F-8875-4AFC-A67C-D90C383ABD29): 45
LogDevObjectVersion:   Dev-Sequencer (7B5AE74C-D270-4C10-A958-57980B212A5A): 13
LogDevObjectVersion:   Dev-VR (D7296918-1DD6-4BDD-9DE2-64A83CC13884): 3
LogDevObjectVersion:   Dev-LoadTimes (C2A15278-BFE7-4AFE-6C17-90FF531DF755): 1
LogDevObjectVersion:   Private-Geometry (6EACA3D4-40EC-4CC1-B786-8BED09428FC5): 3
LogDevObjectVersion:   Dev-AnimPhys (29E575DD-E0A3-4627-9D10-D276232CDCEA): 17
LogDevObjectVersion:   Dev-Anim (AF43A65D-7FD3-4947-9873-3E8ED9C1BB05): 15
LogDevObjectVersion:   Dev-ReflectionCapture (6B266CEC-1EC7-4B8F-A30B-E4D90942FC07): 1
LogDevObjectVersion:   Dev-Automation (0DF73D61-A23F-47EA-B727-89E90C41499A): 1
LogDevObjectVersion:   FortniteMain (601D1886-AC64-4F84-AA16-D3DE0DEAC7D6): 47
LogDevObjectVersion:   FortniteRelease (E7086368-6B23-4C58-8439-1B7016265E91): 1
LogDevObjectVersion:   Dev-Enterprise (9DFFBCD6-494F-0158-E221-12823C92A888): 10
LogDevObjectVersion:   Dev-Niagara (F2AED0AC-9AFE-416F-8664-AA7FFA26D6FC): 1
LogDevObjectVersion:   Dev-Destruction (174F1F0B-B4C6-45A5-B13F-2EE8D0FB917D): 10
LogDevObjectVersion:   Dev-Physics-Ext (35F94A83-E258-406C-A318-09F59610247C): 41
LogDevObjectVersion:   Dev-PhysicsMaterial-Chaos (B68FC16E-8B1B-42E2-B453-215C058844FE): 1
LogDevObjectVersion:   Dev-CineCamera (B2E18506-4273-CFC2-A54E-F4BB758BBA07): 1
LogDevObjectVersion:   Dev-VirtualProduction (64F58936-FD1B-42BA-BA96-7289D5D0FA4E): 1
LogDevObjectVersion:   Dev-MediaFramework (6F0ED827-A609-4895-9C91-998D90180EA4): 2
LogInit: Presizing for max 25165824 objects, including 0 objects not considered by GC, pre-allocating 0 bytes for permanent pool.
LogConfig: Applying CVar settings from Section [/Script/Engine.StreamingSettings] File [D:/Repos/GPR300Quiz3/Quiz3/Saved/Config/Windows/Engine.ini]
LogConfig: Setting CVar [[s.MinBulkDataSizeForAsyncLoading:131072]]
LogConfig: Setting CVar [[s.AsyncLoadingThreadEnabled:0]]
LogConfig: Setting CVar [[s.EventDrivenLoaderEnabled:1]]
LogConfig: Setting CVar [[s.WarnIfTimeLimitExceeded:0]]
LogConfig: Setting CVar [[s.TimeLimitExceededMultiplier:1.5]]
LogConfig: Setting CVar [[s.TimeLimitExceededMinTime:0.005]]
LogConfig: Setting CVar [[s.UseBackgroundLevelStreaming:1]]
LogConfig: Setting CVar [[s.PriorityAsyncLoadingExtraTime:15.0]]
LogConfig: Setting CVar [[s.LevelStreamingActorsUpdateTimeLimit:5.0]]
LogConfig: Setting CVar [[s.PriorityLevelStreamingActorsUpdateExtraTime:5.0]]
LogConfig: Setting CVar [[s.LevelStreamingComponentsRegistrationGranularity:10]]
LogConfig: Setting CVar [[s.UnregisterComponentsTimeLimit:1.0]]
LogConfig: Setting CVar [[s.LevelStreamingComponentsUnregistrationGranularity:5]]
LogConfig: Setting CVar [[s.FlushStreamingOnExit:1]]
LogInit: Object subsystem initialized
LogConfig: Setting CVar [[con.DebugEarlyDefault:1]]
LogConfig: Setting CVar [[r.setres:1280x720]]
[2022.03.22-23.59.54:763][  0]LogConfig: Setting CVar [[con.DebugEarlyDefault:1]]
[2022.03.22-23.59.54:763][  0]LogConfig: Setting CVar [[r.setres:1280x720]]
[2022.03.22-23.59.54:763][  0]LogConfig: Applying CVar settings from Section [/Script/Engine.RendererSettings] File [D:/Repos/GPR300Quiz3/Quiz3/Saved/Config/Windows/Engine.ini]
[2022.03.22-23.59.54:763][  0]LogConfig: Setting CVar [[r.GPUCrashDebugging:0]]
[2022.03.22-23.59.54:763][  0]LogConfig: Setting CVar [[r.VirtualTextures:1]]
[2022.03.22-23.59.54:763][  0]LogConfig: Applying CVar settings from Section [/Script/Engine.RendererOverrideSettings] File [D:/Repos/GPR300Quiz3/Quiz3/Saved/Config/Windows/Engine.ini]
[2022.03.22-23.59.54:763][  0]LogConfig: Applying CVar settings from Section [/Script/Engine.StreamingSettings] File [D:/Repos/GPR300Quiz3/Quiz3/Saved/Config/Windows/Engine.ini]
[2022.03.22-23.59.54:763][  0]LogConfig: Setting CVar [[s.MinBulkDataSizeForAsyncLoading:131072]]
[2022.03.22-23.59.54:763][  0]LogConfig: Setting CVar [[s.AsyncLoadingThreadEnabled:0]]
[2022.03.22-23.59.54:763][  0]LogConfig: Setting CVar [[s.EventDrivenLoaderEnabled:1]]
[2022.03.22-23.59.54:763][  0]LogConfig: Setting CVar [[s.WarnIfTimeLimitExceeded:0]]
[2022.03.22-23.59.54:763][  0]LogConfig: Setting CVar [[s.TimeLimitExceededMultiplier:1.5]]
[2022.03.22-23.59.54:763][  0]LogConfig: Setting CVar [[s.TimeLimitExceededMinTime:0.005]]
[2022.03.22-23.59.54:763][  0]LogConfig: Setting CVar [[s.UseBackgroundLevelStreaming:1]]
[2022.03.22-23.59.54:763][  0]LogConfig: Setting CVar [[s.PriorityAsyncLoadingExtraTime:15.0]]
[2022.03.22-23.59.54:763][  0]LogConfig: Setting CVar [[s.LevelStreamingActorsUpdateTimeLimit:5.0]]
[2022.03.22-23.59.54:763][  0]LogConfig: Setting CVar [[s.PriorityLevelStreamingActorsUpdateExtraTime:5.0]]
[2022.03.22-23.59.54:763][  0]LogConfig: Setting CVar [[s.LevelStreamingComponentsRegistrationGranularity:10]]
[2022.03.22-23.59.54:763][  0]LogConfig: Setting CVar [[s.UnregisterComponentsTimeLimit:1.0]]
[2022.03.22-23.59.54:763][  0]LogConfig: Setting CVar [[s.LevelStreamingComponentsUnregistrationGranularity:5]]
[2022.03.22-23.59.54:763][  0]LogConfig: Setting CVar [[s.FlushStreamingOnExit:1]]
[2022.03.22-23.59.54:763][  0]LogConfig: Applying CVar settings from Section [/Script/Engine.GarbageCollectionSettings] File [D:/Repos/GPR300Quiz3/Quiz3/Saved/Config/Windows/Engine.ini]
[2022.03.22-23.59.54:763][  0]LogConfig: Setting CVar [[gc.MaxObjectsNotConsideredByGC:1]]
[2022.03.22-23.59.54:763][  0]LogConfig: Setting CVar [[gc.SizeOfPermanentObjectPool:0]]
[2022.03.22-23.59.54:763][  0]LogConfig: Setting CVar [[gc.FlushStreamingOnGC:0]]
[2022.03.22-23.59.54:763][  0]LogConfig: Setting CVar [[gc.NumRetriesBeforeForcingGC:10]]
[2022.03.22-23.59.54:763][  0]LogConfig: Setting CVar [[gc.AllowParallelGC:1]]
[2022.03.22-23.59.54:763][  0]LogConfig: Setting CVar [[gc.TimeBetweenPurgingPendingKillObjects:61.1]]
[2022.03.22-23.59.54:763][  0]LogConfig: Setting CVar [[gc.MaxObjectsInEditor:25165824]]
[2022.03.22-23.59.54:763][  0]LogConfig: Setting CVar [[gc.IncrementalBeginDestroyEnabled:1]]
[2022.03.22-23.59.54:763][  0]LogConfig: Setting CVar [[gc.CreateGCClusters:1]]
[2022.03.22-23.59.54:763][  0]LogConfig: Setting CVar [[gc.MinGCClusterSize:5]]
[2022.03.22-23.59.54:763][  0]LogConfig: Setting CVar [[gc.ActorClusteringEnabled:0]]
[2022.03.22-23.59.54:763][  0]LogConfig: Setting CVar [[gc.BlueprintClusteringEnabled:0]]
[2022.03.22-23.59.54:763][  0]LogConfig: Setting CVar [[gc.UseDisregardForGCOnDedicatedServers:0]]
[2022.03.22-23.59.54:763][  0]LogConfig: Setting CVar [[gc.MultithreadedDestructionEnabled:1]]
[2022.03.22-23.59.54:764][  0]LogConfig: Applying CVar settings from Section [/Script/Engine.NetworkSettings] File [D:/Repos/GPR300Quiz3/Quiz3/Saved/Config/Windows/Engine.ini]
[2022.03.22-23.59.54:764][  0]LogConfig: Applying CVar settings from Section [/Script/UnrealEd.CookerSettings] File [D:/Repos/GPR300Quiz3/Quiz3/Saved/Config/Windows/Engine.ini]
[2022.03.22-23.59.54:775][  0]LogConfig: Applying CVar settings from Section [ViewDistanceQuality@3] File [D:/Repos/GPR300Quiz3/Quiz3/Saved/Config/Windows/Scalability.ini]
[2022.03.22-23.59.54:775][  0]LogConfig: Setting CVar [[r.SkeletalMeshLODBias:0]]
[2022.03.22-23.59.54:775][  0]LogConfig: Setting CVar [[r.ViewDistanceScale:1.0]]
[2022.03.22-23.59.54:775][  0]LogConfig: Applying CVar settings from Section [AntiAliasingQuality@3] File [D:/Repos/GPR300Quiz3/Quiz3/Saved/Config/Windows/Scalability.ini]
[2022.03.22-23.59.54:775][  0]LogConfig: Setting CVar [[r.PostProcessAAQuality:4]]
[2022.03.22-23.59.54:775][  0]LogConfig: Applying CVar settings from Section [ShadowQuality@3] File [D:/Repos/GPR300Quiz3/Quiz3/Saved/Config/Windows/Scalability.ini]
[2022.03.22-23.59.54:775][  0]LogConfig: Setting CVar [[r.LightFunctionQuality:1]]
[2022.03.22-23.59.54:775][  0]LogConfig: Setting CVar [[r.ShadowQuality:5]]
[2022.03.22-23.59.54:775][  0]LogConfig: Setting CVar [[r.Shadow.CSM.MaxCascades:10]]
[2022.03.22-23.59.54:775][  0]LogConfig: Setting CVar [[r.Shadow.MaxResolution:2048]]
[2022.03.22-23.59.54:775][  0]LogConfig: Setting CVar [[r.Shadow.MaxCSMResolution:2048]]
[2022.03.22-23.59.54:775][  0]LogConfig: Setting CVar [[r.Shadow.RadiusThreshold:0.01]]
[2022.03.22-23.59.54:775][  0]LogConfig: Setting CVar [[r.Shadow.DistanceScale:1.0]]
[2022.03.22-23.59.54:775][  0]LogConfig: Setting CVar [[r.Shadow.CSM.TransitionScale:1.0]]
[2022.03.22-23.59.54:775][  0]LogConfig: Setting CVar [[r.Shadow.PreShadowResolutionFactor:1.0]]
[2022.03.22-23.59.54:775][  0]LogConfig: Setting CVar [[r.DistanceFieldShadowing:1]]
[2022.03.22-23.59.54:775][  0]LogConfig: Setting CVar [[r.DistanceFieldAO:1]]
[2022.03.22-23.59.54:775][  0]LogConfig: Setting CVar [[r.AOQuality:2]]
[2022.03.22-23.59.54:775][  0]LogConfig: Setting CVar [[r.VolumetricFog:1]]
[2022.03.22-23.59.54:775][  0]LogConfig: Setting CVar [[r.VolumetricFog.GridPixelSize:8]]
[2022.03.22-23.59.54:775][  0]LogConfig: Setting CVar [[r.VolumetricFog.GridSizeZ:128]]
[2022.03.22-23.59.54:775][  0]LogConfig: Setting CVar [[r.VolumetricFog.HistoryMissSupersampleCount:4]]
[2022.03.22-23.59.54:775][  0]LogConfig: Setting CVar [[r.LightMaxDrawDistanceScale:1]]
[2022.03.22-23.59.54:775][  0]LogConfig: Setting CVar [[r.CapsuleShadows:1]]
[2022.03.22-23.59.54:775][  0]LogConfig: Applying CVar settings from Section [PostProcessQuality@3] File [D:/Repos/GPR300Quiz3/Quiz3/Saved/Config/Windows/Scalability.ini]
[2022.03.22-23.59.54:775][  0]LogConfig: Setting CVar [[r.MotionBlurQuality:4]]
[2022.03.22-23.59.54:775][  0]LogConfig: Setting CVar [[r.AmbientOcclusionMipLevelFactor:0.4]]
[2022.03.22-23.59.54:775][  0]LogConfig: Setting CVar [[r.AmbientOcclusionMaxQuality:100]]
[2022.03.22-23.59.54:775][  0]LogConfig: Setting CVar [[r.AmbientOcclusionLevels:-1]]
[2022.03.22-23.59.54:775][  0]LogConfig: Setting CVar [[r.AmbientOcclusionRadiusScale:1.0]]
[2022.03.22-23.59.54:775][  0]LogConfig: Setting CVar [[r.DepthOfFieldQuality:2]]
[2022.03.22-23.59.54:775][  0]LogConfig: Setting CVar [[r.RenderTargetPoolMin:400]]
[2022.03.22-23.59.54:775][  0]LogConfig: Setting CVar [[r.LensFlareQuality:2]]
[2022.03.22-23.59.54:775][  0]LogConfig: Setting CVar [[r.SceneColorFringeQuality:1]]
[2022.03.22-23.59.54:775][  0]LogConfig: Setting CVar [[r.EyeAdaptationQuality:2]]
[2022.03.22-23.59.54:775][  0]LogConfig: Setting CVar [[r.BloomQuality:5]]
[2022.03.22-23.59.54:775][  0]LogConfig: Setting CVar [[r.FastBlurThreshold:100]]
[2022.03.22-23.59.54:775][  0]LogConfig: Setting CVar [[r.Upscale.Quality:3]]
[2022.03.22-23.59.54:775][  0]LogConfig: Setting CVar [[r.Tonemapper.GrainQuantization:1]]
[2022.03.22-23.59.54:775][  0]LogConfig: Setting CVar [[r.LightShaftQuality:1]]
[2022.03.22-23.59.54:775][  0]LogConfig: Setting CVar [[r.Filter.SizeScale:1]]
[2022.03.22-23.59.54:775][  0]LogConfig: Setting CVar [[r.Tonemapper.Quality:5]]
[2022.03.22-23.59.54:775][  0]LogConfig: Setting CVar [[r.DOF.Gather.AccumulatorQuality:1        ; higher gathering accumulator quality]]
[2022.03.22-23.59.54:775][  0]LogConfig: Setting CVar [[r.DOF.Gather.PostfilterMethod:1          ; Median3x3 postfilering method]]
[2022.03.22-23.59.54:776][  0]LogConfig: Setting CVar [[r.DOF.Gather.EnableBokehSettings:0       ; no bokeh simulation when gathering]]
[2022.03.22-23.59.54:776][  0]LogConfig: Setting CVar [[r.DOF.Gather.RingCount:4                 ; medium number of samples when gathering]]
[2022.03.22-23.59.54:776][  0]LogConfig: Setting CVar [[r.DOF.Scatter.ForegroundCompositing:1    ; additive foreground scattering]]
[2022.03.22-23.59.54:776][  0]LogConfig: Setting CVar [[r.DOF.Scatter.BackgroundCompositing:2    ; additive background scattering]]
[2022.03.22-23.59.54:776][  0]LogConfig: Setting CVar [[r.DOF.Scatter.EnableBokehSettings:1      ; bokeh simulation when scattering]]
[2022.03.22-23.59.54:776][  0]LogConfig: Setting CVar [[r.DOF.Scatter.MaxSpriteRatio:0.1         ; only a maximum of 10% of scattered bokeh]]
[2022.03.22-23.59.54:776][  0]LogConfig: Setting CVar [[r.DOF.Recombine.Quality:1                ; cheap slight out of focus]]
[2022.03.22-23.59.54:776][  0]LogConfig: Setting CVar [[r.DOF.Recombine.EnableBokehSettings:0    ; no bokeh simulation on slight out of focus]]
[2022.03.22-23.59.54:776][  0]LogConfig: Setting CVar [[r.DOF.TemporalAAQuality:1                ; more stable temporal accumulation]]
[2022.03.22-23.59.54:776][  0]LogConfig: Setting CVar [[r.DOF.Kernel.MaxForegroundRadius:0.025]]
[2022.03.22-23.59.54:776][  0]LogConfig: Setting CVar [[r.DOF.Kernel.MaxBackgroundRadius:0.025]]
[2022.03.22-23.59.54:776][  0]LogConfig: Applying CVar settings from Section [TextureQuality@3] File [D:/Repos/GPR300Quiz3/Quiz3/Saved/Config/Windows/Scalability.ini]
[2022.03.22-23.59.54:776][  0]LogConfig: Setting CVar [[r.Streaming.MipBias:0]]
[2022.03.22-23.59.54:776][  0]LogConfig: Setting CVar [[r.Streaming.AmortizeCPUToGPUCopy:0]]
[2022.03.22-23.59.54:776][  0]LogConfig: Setting CVar [[r.Streaming.MaxNumTexturesToStreamPerFrame:0]]
[2022.03.22-23.59.54:776][  0]LogConfig: Setting CVar [[r.Streaming.Boost:1]]
[2022.03.22-23.59.54:776][  0]LogConfig: Setting CVar [[r.MaxAnisotropy:8]]
[2022.03.22-23.59.54:776][  0]LogConfig: Setting CVar [[r.VT.MaxAnisotropy:8]]
[2022.03.22-23.59.54:776][  0]LogConfig: Setting CVar [[r.Streaming.LimitPoolSizeToVRAM:0]]
[2022.03.22-23.59.54:776][  0]LogConfig: Setting CVar [[r.Streaming.PoolSize:1000]]
[2022.03.22-23.59.54:776][  0]LogConfig: Setting CVar [[r.Streaming.MaxEffectiveScreenSize:0]]
[2022.03.22-23.59.54:776][  0]LogConfig: Applying CVar settings from Section [EffectsQuality@3] File [D:/Repos/GPR300Quiz3/Quiz3/Saved/Config/Windows/Scalability.ini]
[2022.03.22-23.59.54:776][  0]LogConfig: Setting CVar [[r.TranslucencyLightingVolumeDim:64]]
[2022.03.22-23.59.54:776][  0]LogConfig: Setting CVar [[r.RefractionQuality:2]]
[2022.03.22-23.59.54:776][  0]LogConfig: Setting CVar [[r.SSR.Quality:3]]
[2022.03.22-23.59.54:776][  0]LogConfig: Setting CVar [[r.SSR.HalfResSceneColor:0]]
[2022.03.22-23.59.54:776][  0]LogConfig: Setting CVar [[r.SceneColorFormat:4]]
[2022.03.22-23.59.54:776][  0]LogConfig: Setting CVar [[r.DetailMode:2]]
[2022.03.22-23.59.54:776][  0]LogConfig: Setting CVar [[r.TranslucencyVolumeBlur:1]]
[2022.03.22-23.59.54:776][  0]LogConfig: Setting CVar [[r.MaterialQualityLevel:1 ; High quality]]
[2022.03.22-23.59.54:776][  0]LogConfig: Setting CVar [[r.AnisotropicMaterials:1]]
[2022.03.22-23.59.54:776][  0]LogConfig: Setting CVar [[r.SSS.Scale:1]]
[2022.03.22-23.59.54:776][  0]LogConfig: Setting CVar [[r.SSS.SampleSet:2]]
[2022.03.22-23.59.54:776][  0]LogConfig: Setting CVar [[r.SSS.Quality:1]]
[2022.03.22-23.59.54:776][  0]LogConfig: Setting CVar [[r.SSS.HalfRes:0]]
[2022.03.22-23.59.54:776][  0]LogConfig: Setting CVar [[r.SSGI.Quality:3]]
[2022.03.22-23.59.54:776][  0]LogConfig: Setting CVar [[r.EmitterSpawnRateScale:1.0]]
[2022.03.22-23.59.54:776][  0]LogConfig: Setting CVar [[r.ParticleLightQuality:2]]
[2022.03.22-23.59.54:776][  0]LogConfig: Setting CVar [[r.SkyAtmosphere.AerialPerspectiveLUT.FastApplyOnOpaque:1 ; Always have FastSkyLUT 1 in this case to avoid wrong sky]]
[2022.03.22-23.59.54:776][  0]LogConfig: Setting CVar [[r.SkyAtmosphere.AerialPerspectiveLUT.SampleCountMaxPerSlice:4]]
[2022.03.22-23.59.54:776][  0]LogConfig: Setting CVar [[r.SkyAtmosphere.AerialPerspectiveLUT.DepthResolution:16.0]]
[2022.03.22-23.59.54:776][  0]LogConfig: Setting CVar [[r.SkyAtmosphere.FastSkyLUT:1]]
[2022.03.22-23.59.54:776][  0]LogConfig: Setting CVar [[r.SkyAtmosphere.FastSkyLUT.SampleCountMin:4.0]]
[2022.03.22-23.59.54:776][  0]LogConfig: Setting CVar [[r.SkyAtmosphere.FastSkyLUT.SampleCountMax:128.0]]
[2022.03.22-23.59.54:776][  0]LogConfig: Setting CVar [[r.SkyAtmosphere.SampleCountMin:4.0]]
[2022.03.22-23.59.54:776][  0]LogConfig: Setting CVar [[r.SkyAtmosphere.SampleCountMax:128.0]]
[2022.03.22-23.59.54:776][  0]LogConfig: Setting CVar [[r.SkyAtmosphere.TransmittanceLUT.UseSmallFormat:0]]
[2022.03.22-23.59.54:776][  0]LogConfig: Setting CVar [[r.SkyAtmosphere.TransmittanceLUT.SampleCount:10.0]]
[2022.03.22-23.59.54:776][  0]LogConfig: Setting CVar [[r.SkyAtmosphere.MultiScatteringLUT.SampleCount:15.0]]
[2022.03.22-23.59.54:776][  0]LogConfig: Setting CVar [[r.SkyLight.RealTimeReflectionCapture:1]]
[2022.03.22-23.59.54:776][  0]LogConfig: Applying CVar settings from Section [FoliageQuality@3] File [D:/Repos/GPR300Quiz3/Quiz3/Saved/Config/Windows/Scalability.ini]
[2022.03.22-23.59.54:776][  0]LogConfig: Setting CVar [[foliage.DensityScale:1.0]]
[2022.03.22-23.59.54:776][  0]LogConfig: Setting CVar [[grass.DensityScale:1.0]]
[2022.03.22-23.59.54:776][  0]LogConfig: Applying CVar settings from Section [ShadingQuality@3] File [D:/Repos/GPR300Quiz3/Quiz3/Saved/Config/Windows/Scalability.ini]
[2022.03.22-23.59.54:776][  0]LogConfig: Setting CVar [[r.HairStrands.SkyLighting.IntegrationType:2]]
[2022.03.22-23.59.54:776][  0]LogConfig: Setting CVar [[r.HairStrands.SkyAO.SampleCount:4]]
[2022.03.22-23.59.54:776][  0]LogConfig: Setting CVar [[r.HairStrands.Visibility.MSAA.SamplePerPixel:4]]
[2022.03.22-23.59.54:776][  0]LogInit: Selected Device Profile: [Windows]
[2022.03.22-23.59.54:776][  0]LogInit: Applying CVar settings loaded from the selected device profile: [Windows]
[2022.03.22-23.59.54:776][  0]LogHAL: Display: Platform has ~ 16 GB [17094164480 / 17179869184 / 16], which maps to Larger [LargestMinGB=32, LargerMinGB=12, DefaultMinGB=8, SmallerMinGB=6, SmallestMinGB=0)
[2022.03.22-23.59.54:776][  0]LogInit: Going up to parent DeviceProfile []
[2022.03.22-23.59.54:776][  0]LogConfig: Applying CVar settings from Section [ViewDistanceQuality@3] File [D:/Repos/GPR300Quiz3/Quiz3/Saved/Config/Windows/Scalability.ini]
[2022.03.22-23.59.54:776][  0]LogConfig: Setting CVar [[r.SkeletalMeshLODBias:0]]
[2022.03.22-23.59.54:776][  0]LogConfig: Setting CVar [[r.ViewDistanceScale:1.0]]
[2022.03.22-23.59.54:776][  0]LogConfig: Applying CVar settings from Section [AntiAliasingQuality@3] File [D:/Repos/GPR300Quiz3/Quiz3/Saved/Config/Windows/Scalability.ini]
[2022.03.22-23.59.54:776][  0]LogConfig: Setting CVar [[r.PostProcessAAQuality:4]]
[2022.03.22-23.59.54:776][  0]LogConfig: Applying CVar settings from Section [ShadowQuality@3] File [D:/Repos/GPR300Quiz3/Quiz3/Saved/Config/Windows/Scalability.ini]
[2022.03.22-23.59.54:776][  0]LogConfig: Setting CVar [[r.LightFunctionQuality:1]]
[2022.03.22-23.59.54:776][  0]LogConfig: Setting CVar [[r.ShadowQuality:5]]
[2022.03.22-23.59.54:776][  0]LogConfig: Setting CVar [[r.Shadow.CSM.MaxCascades:10]]
[2022.03.22-23.59.54:776][  0]LogConfig: Setting CVar [[r.Shadow.MaxResolution:2048]]
[2022.03.22-23.59.54:776][  0]LogConfig: Setting CVar [[r.Shadow.MaxCSMResolution:2048]]
[2022.03.22-23.59.54:776][  0]LogConfig: Setting CVar [[r.Shadow.RadiusThreshold:0.01]]
[2022.03.22-23.59.54:776][  0]LogConfig: Setting CVar [[r.Shadow.DistanceScale:1.0]]
[2022.03.22-23.59.54:776][  0]LogConfig: Setting CVar [[r.Shadow.CSM.TransitionScale:1.0]]
[2022.03.22-23.59.54:776][  0]LogConfig: Setting CVar [[r.Shadow.PreShadowResolutionFactor:1.0]]
[2022.03.22-23.59.54:776][  0]LogConfig: Setting CVar [[r.DistanceFieldShadowing:1]]
[2022.03.22-23.59.54:776][  0]LogConfig: Setting CVar [[r.DistanceFieldAO:1]]
[2022.03.22-23.59.54:776][  0]LogConfig: Setting CVar [[r.AOQuality:2]]
[2022.03.22-23.59.54:776][  0]LogConfig: Setting CVar [[r.VolumetricFog:1]]
[2022.03.22-23.59.54:776][  0]LogConfig: Setting CVar [[r.VolumetricFog.GridPixelSize:8]]
[2022.03.22-23.59.54:776][  0]LogConfig: Setting CVar [[r.VolumetricFog.GridSizeZ:128]]
[2022.03.22-23.59.54:776][  0]LogConfig: Setting CVar [[r.VolumetricFog.HistoryMissSupersampleCount:4]]
[2022.03.22-23.59.54:776][  0]LogConfig: Setting CVar [[r.LightMaxDrawDistanceScale:1]]
[2022.03.22-23.59.54:776][  0]LogConfig: Setting CVar [[r.CapsuleShadows:1]]
[2022.03.22-23.59.54:776][  0]LogConfig: Applying CVar settings from Section [PostProcessQuality@3] File [D:/Repos/GPR300Quiz3/Quiz3/Saved/Config/Windows/Scalability.ini]
[2022.03.22-23.59.54:776][  0]LogConfig: Setting CVar [[r.MotionBlurQuality:4]]
[2022.03.22-23.59.54:776][  0]LogConfig: Setting CVar [[r.AmbientOcclusionMipLevelFactor:0.4]]
[2022.03.22-23.59.54:776][  0]LogConfig: Setting CVar [[r.AmbientOcclusionMaxQuality:100]]
[2022.03.22-23.59.54:776][  0]LogConfig: Setting CVar [[r.AmbientOcclusionLevels:-1]]
[2022.03.22-23.59.54:776][  0]LogConfig: Setting CVar [[r.AmbientOcclusionRadiusScale:1.0]]
[2022.03.22-23.59.54:776][  0]LogConfig: Setting CVar [[r.DepthOfFieldQuality:2]]
[2022.03.22-23.59.54:776][  0]LogConfig: Setting CVar [[r.RenderTargetPoolMin:400]]
[2022.03.22-23.59.54:776][  0]LogConfig: Setting CVar [[r.LensFlareQuality:2]]
[2022.03.22-23.59.54:776][  0]LogConfig: Setting CVar [[r.SceneColorFringeQuality:1]]
[2022.03.22-23.59.54:776][  0]LogConfig: Setting CVar [[r.EyeAdaptationQuality:2]]
[2022.03.22-23.59.54:776][  0]LogConfig: Setting CVar [[r.BloomQuality:5]]
[2022.03.22-23.59.54:776][  0]LogConfig: Setting CVar [[r.FastBlurThreshold:100]]
[2022.03.22-23.59.54:776][  0]LogConfig: Setting CVar [[r.Upscale.Quality:3]]
[2022.03.22-23.59.54:776][  0]LogConfig: Setting CVar [[r.Tonemapper.GrainQuantization:1]]
[2022.03.22-23.59.54:776][  0]LogConfig: Setting CVar [[r.LightShaftQuality:1]]
[2022.03.22-23.59.54:777][  0]LogConfig: Setting CVar [[r.Filter.SizeScale:1]]
[2022.03.22-23.59.54:777][  0]LogConfig: Setting CVar [[r.Tonemapper.Quality:5]]
[2022.03.22-23.59.54:777][  0]LogConfig: Setting CVar [[r.DOF.Gather.AccumulatorQuality:1        ; higher gathering accumulator quality]]
[2022.03.22-23.59.54:777][  0]LogConfig: Setting CVar [[r.DOF.Gather.PostfilterMethod:1          ; Median3x3 postfilering method]]
[2022.03.22-23.59.54:777][  0]LogConfig: Setting CVar [[r.DOF.Gather.EnableBokehSettings:0       ; no bokeh simulation when gathering]]
[2022.03.22-23.59.54:777][  0]LogConfig: Setting CVar [[r.DOF.Gather.RingCount:4                 ; medium number of samples when gathering]]
[2022.03.22-23.59.54:777][  0]LogConfig: Setting CVar [[r.DOF.Scatter.ForegroundCompositing:1    ; additive foreground scattering]]
[2022.03.22-23.59.54:777][  0]LogConfig: Setting CVar [[r.DOF.Scatter.BackgroundCompositing:2    ; additive background scattering]]
[2022.03.22-23.59.54:777][  0]LogConfig: Setting CVar [[r.DOF.Scatter.EnableBokehSettings:1      ; bokeh simulation when scattering]]
[2022.03.22-23.59.54:777][  0]LogConfig: Setting CVar [[r.DOF.Scatter.MaxSpriteRatio:0.1         ; only a maximum of 10% of scattered bokeh]]
[2022.03.22-23.59.54:777][  0]LogConfig: Setting CVar [[r.DOF.Recombine.Quality:1                ; cheap slight out of focus]]
[2022.03.22-23.59.54:777][  0]LogConfig: Setting CVar [[r.DOF.Recombine.EnableBokehSettings:0    ; no bokeh simulation on slight out of focus]]
[2022.03.22-23.59.54:777][  0]LogConfig: Setting CVar [[r.DOF.TemporalAAQuality:1                ; more stable temporal accumulation]]
[2022.03.22-23.59.54:777][  0]LogConfig: Setting CVar [[r.DOF.Kernel.MaxForegroundRadius:0.025]]
[2022.03.22-23.59.54:777][  0]LogConfig: Setting CVar [[r.DOF.Kernel.MaxBackgroundRadius:0.025]]
[2022.03.22-23.59.54:777][  0]LogConfig: Applying CVar settings from Section [TextureQuality@3] File [D:/Repos/GPR300Quiz3/Quiz3/Saved/Config/Windows/Scalability.ini]
[2022.03.22-23.59.54:777][  0]LogConfig: Setting CVar [[r.Streaming.MipBias:0]]
[2022.03.22-23.59.54:777][  0]LogConfig: Setting CVar [[r.Streaming.AmortizeCPUToGPUCopy:0]]
[2022.03.22-23.59.54:777][  0]LogConfig: Setting CVar [[r.Streaming.MaxNumTexturesToStreamPerFrame:0]]
[2022.03.22-23.59.54:777][  0]LogConfig: Setting CVar [[r.Streaming.Boost:1]]
[2022.03.22-23.59.54:777][  0]LogConfig: Setting CVar [[r.MaxAnisotropy:8]]
[2022.03.22-23.59.54:777][  0]LogConfig: Setting CVar [[r.VT.MaxAnisotropy:8]]
[2022.03.22-23.59.54:777][  0]LogConfig: Setting CVar [[r.Streaming.LimitPoolSizeToVRAM:0]]
[2022.03.22-23.59.54:777][  0]LogConfig: Setting CVar [[r.Streaming.PoolSize:1000]]
[2022.03.22-23.59.54:777][  0]LogConfig: Setting CVar [[r.Streaming.MaxEffectiveScreenSize:0]]
[2022.03.22-23.59.54:777][  0]LogConfig: Applying CVar settings from Section [EffectsQuality@3] File [D:/Repos/GPR300Quiz3/Quiz3/Saved/Config/Windows/Scalability.ini]
[2022.03.22-23.59.54:777][  0]LogConfig: Setting CVar [[r.TranslucencyLightingVolumeDim:64]]
[2022.03.22-23.59.54:777][  0]LogConfig: Setting CVar [[r.RefractionQuality:2]]
[2022.03.22-23.59.54:777][  0]LogConfig: Setting CVar [[r.SSR.Quality:3]]
[2022.03.22-23.59.54:777][  0]LogConfig: Setting CVar [[r.SSR.HalfResSceneColor:0]]
[2022.03.22-23.59.54:777][  0]LogConfig: Setting CVar [[r.SceneColorFormat:4]]
[2022.03.22-23.59.54:777][  0]LogConfig: Setting CVar [[r.DetailMode:2]]
[2022.03.22-23.59.54:777][  0]LogConfig: Setting CVar [[r.TranslucencyVolumeBlur:1]]
[2022.03.22-23.59.54:777][  0]LogConfig: Setting CVar [[r.MaterialQualityLevel:1 ; High quality]]
[2022.03.22-23.59.54:777][  0]LogConfig: Setting CVar [[r.AnisotropicMaterials:1]]
[2022.03.22-23.59.54:777][  0]LogConfig: Setting CVar [[r.SSS.Scale:1]]
[2022.03.22-23.59.54:777][  0]LogConfig: Setting CVar [[r.SSS.SampleSet:2]]
[2022.03.22-23.59.54:777][  0]LogConfig: Setting CVar [[r.SSS.Quality:1]]
[2022.03.22-23.59.54:777][  0]LogConfig: Setting CVar [[r.SSS.HalfRes:0]]
[2022.03.22-23.59.54:777][  0]LogConfig: Setting CVar [[r.SSGI.Quality:3]]
[2022.03.22-23.59.54:777][  0]LogConfig: Setting CVar [[r.EmitterSpawnRateScale:1.0]]
[2022.03.22-23.59.54:777][  0]LogConfig: Setting CVar [[r.ParticleLightQuality:2]]
[2022.03.22-23.59.54:777][  0]LogConfig: Setting CVar [[r.SkyAtmosphere.AerialPerspectiveLUT.FastApplyOnOpaque:1 ; Always have FastSkyLUT 1 in this case to avoid wrong sky]]
[2022.03.22-23.59.54:777][  0]LogConfig: Setting CVar [[r.SkyAtmosphere.AerialPerspectiveLUT.SampleCountMaxPerSlice:4]]
[2022.03.22-23.59.54:777][  0]LogConfig: Setting CVar [[r.SkyAtmosphere.AerialPerspectiveLUT.DepthResolution:16.0]]
[2022.03.22-23.59.54:777][  0]LogConfig: Setting CVar [[r.SkyAtmosphere.FastSkyLUT:1]]
[2022.03.22-23.59.54:777][  0]LogConfig: Setting CVar [[r.SkyAtmosphere.FastSkyLUT.SampleCountMin:4.0]]
[2022.03.22-23.59.54:777][  0]LogConfig: Setting CVar [[r.SkyAtmosphere.FastSkyLUT.SampleCountMax:128.0]]
[2022.03.22-23.59.54:777][  0]LogConfig: Setting CVar [[r.SkyAtmosphere.SampleCountMin:4.0]]
[2022.03.22-23.59.54:777][  0]LogConfig: Setting CVar [[r.SkyAtmosphere.SampleCountMax:128.0]]
[2022.03.22-23.59.54:777][  0]LogConfig: Setting CVar [[r.SkyAtmosphere.TransmittanceLUT.UseSmallFormat:0]]
[2022.03.22-23.59.54:777][  0]LogConfig: Setting CVar [[r.SkyAtmosphere.TransmittanceLUT.SampleCount:10.0]]
[2022.03.22-23.59.54:777][  0]LogConfig: Setting CVar [[r.SkyAtmosphere.MultiScatteringLUT.SampleCount:15.0]]
[2022.03.22-23.59.54:777][  0]LogConfig: Setting CVar [[r.SkyLight.RealTimeReflectionCapture:1]]
[2022.03.22-23.59.54:777][  0]LogConfig: Applying CVar settings from Section [FoliageQuality@3] File [D:/Repos/GPR300Quiz3/Quiz3/Saved/Config/Windows/Scalability.ini]
[2022.03.22-23.59.54:777][  0]LogConfig: Setting CVar [[foliage.DensityScale:1.0]]
[2022.03.22-23.59.54:777][  0]LogConfig: Setting CVar [[grass.DensityScale:1.0]]
[2022.03.22-23.59.54:777][  0]LogConfig: Applying CVar settings from Section [ShadingQuality@3] File [D:/Repos/GPR300Quiz3/Quiz3/Saved/Config/Windows/Scalability.ini]
[2022.03.22-23.59.54:777][  0]LogConfig: Setting CVar [[r.HairStrands.SkyLighting.IntegrationType:2]]
[2022.03.22-23.59.54:777][  0]LogConfig: Setting CVar [[r.HairStrands.SkyAO.SampleCount:4]]
[2022.03.22-23.59.54:777][  0]LogConfig: Setting CVar [[r.HairStrands.Visibility.MSAA.SamplePerPixel:4]]
[2022.03.22-23.59.54:777][  0]LogConfig: Applying CVar settings from Section [Startup] File [../../../Engine/Config/ConsoleVariables.ini]
[2022.03.22-23.59.54:777][  0]LogConfig: Setting CVar [[net.UseAdaptiveNetUpdateFrequency:0]]
[2022.03.22-23.59.54:778][  0]LogConfig: Setting CVar [[p.chaos.AllowCreatePhysxBodies:1]]
[2022.03.22-23.59.54:778][  0]LogConfig: Setting CVar [[fx.SkipVectorVMBackendOptimizations:1]]
[2022.03.22-23.59.54:778][  0]LogConfig: Applying CVar settings from Section [ConsoleVariables] File [D:/Repos/GPR300Quiz3/Quiz3/Saved/Config/Windows/Engine.ini]
[2022.03.22-23.59.54:778][  0]LogConfig: Applying CVar settings from Section [ConsoleVariables] File [D:/Repos/GPR300Quiz3/Quiz3/Saved/Config/Windows/Editor.ini]
[2022.03.22-23.59.54:778][  0]LogInit: Computer: DESKTOP-MRDCQA6
[2022.03.22-23.59.54:778][  0]LogInit: User: schoe
[2022.03.22-23.59.54:778][  0]LogInit: CPU Page size=4096, Cores=8
[2022.03.22-23.59.54:778][  0]LogInit: High frequency timer resolution =10.000000 MHz
[2022.03.22-23.59.54:778][  0]LogMemory: Memory total: Physical=15.9GB (16GB approx)
[2022.03.22-23.59.54:778][  0]LogMemory: Platform Memory Stats for Windows
[2022.03.22-23.59.54:778][  0]LogMemory: Process Physical Memory: 143.19 MB used, 143.19 MB peak
[2022.03.22-23.59.54:778][  0]LogMemory: Process Virtual Memory: 127.84 MB used, 127.84 MB peak
[2022.03.22-23.59.54:778][  0]LogMemory: Physical Memory: 13540.71 MB used,  2761.56 MB free, 16302.27 MB total
[2022.03.22-23.59.54:778][  0]LogMemory: Virtual Memory: 134200680.00 MB used,  17049.82 MB free, 134217728.00 MB total
[2022.03.22-23.59.54:824][  0]LogWindows: WindowsPlatformFeatures enabled
[2022.03.22-23.59.55:276][  0]LogInit: Physics initialised using underlying interface: PhysX
[2022.03.22-23.59.55:276][  0]LogInit: Using OS detected language (en-US).
[2022.03.22-23.59.55:276][  0]LogInit: Using OS detected locale (en-US).
[2022.03.22-23.59.55:343][  0]LogTextLocalizationManager: No specific localization for 'en-US' exists, so the 'en' localization will be used.
[2022.03.22-23.59.56:012][  0]LogWindowsTextInputMethodSystem: Display: IME system deactivated.
[2022.03.22-23.59.56:238][  0]LogSlate: New Slate User Created.  User Index 0, Is Virtual User: 0
[2022.03.22-23.59.56:238][  0]LogSlate: Slate User Registered.  User Index 0, Is Virtual User: 0
[2022.03.22-23.59.56:309][  0]LogD3D11RHI: Loaded GFSDK_Aftermath_Lib.x64.dll
[2022.03.22-23.59.56:311][  0]LogHMD: Failed to initialize OpenVR with code 110
[2022.03.22-23.59.56:311][  0]LogD3D11RHI: D3D11 min allowed feature level: 11_0
[2022.03.22-23.59.56:311][  0]LogD3D11RHI: D3D11 max allowed feature level: 11_0
[2022.03.22-23.59.56:311][  0]LogD3D11RHI: D3D11 adapters:
[2022.03.22-23.59.56:533][  0]LogD3D11RHI:    0. 'NVIDIA GeForce RTX 2080 SUPER' (Feature Level 11_0)
[2022.03.22-23.59.56:533][  0]LogD3D11RHI:       8010/0/8151 MB DedicatedVideo/DedicatedSystem/SharedSystem, Outputs:2, VendorId:0x10de
[2022.03.22-23.59.56:536][  0]LogD3D11RHI:    1. 'Microsoft Basic Render Driver' (Feature Level 11_0)
[2022.03.22-23.59.56:536][  0]LogD3D11RHI:       0/0/8151 MB DedicatedVideo/DedicatedSystem/SharedSystem, Outputs:0, VendorId:0x1414
[2022.03.22-23.59.56:536][  0]LogD3D11RHI: Chosen D3D11 Adapter: 0
[2022.03.22-23.59.56:543][  0]LogD3D11RHI: Creating new Direct3DDevice
[2022.03.22-23.59.56:543][  0]LogD3D11RHI:     GPU DeviceId: 0x1e81 (for the marketing name, search the web for "GPU Device Id")
[2022.03.22-23.59.56:543][  0]LogWindows: EnumDisplayDevices:
[2022.03.22-23.59.56:543][  0]LogWindows:    0. 'NVIDIA GeForce RTX 2080 SUPER' (P:0 D:1)
[2022.03.22-23.59.56:544][  0]LogWindows:    1. 'NVIDIA GeForce RTX 2080 SUPER' (P:1 D:1)
[2022.03.22-23.59.56:544][  0]LogWindows:    2. 'NVIDIA GeForce RTX 2080 SUPER' (P:0 D:0)
[2022.03.22-23.59.56:544][  0]LogWindows:    3. 'NVIDIA GeForce RTX 2080 SUPER' (P:0 D:0)
[2022.03.22-23.59.56:544][  0]LogWindows: DebugString: FoundDriverCount:4 
[2022.03.22-23.59.56:544][  0]LogD3D11RHI:     Adapter Name: NVIDIA GeForce RTX 2080 SUPER
[2022.03.22-23.59.56:544][  0]LogD3D11RHI:   Driver Version: 472.12 (internal:30.0.14.7212, unified:472.12)
[2022.03.22-23.59.56:544][  0]LogD3D11RHI:      Driver Date: 9-13-2021
[2022.03.22-23.59.56:544][  0]LogRHI: Texture pool is 5607 MB (70% of 8010 MB)
[2022.03.22-23.59.56:625][  0]LogD3D11RHI: RHI has support for 64 bit atomics
[2022.03.22-23.59.56:625][  0]LogD3D11RHI: Async texture creation enabled
[2022.03.22-23.59.56:625][  0]LogD3D11RHI: Array index from any shader is supported
[2022.03.22-23.59.56:658][  0]LogD3D11RHI: GPU Timing Frequency: 1000.000000 (Debug: 2 1)
[2022.03.22-23.59.56:789][  0]LogRHI: GeForceNow SDK initialized: 1
[2022.03.22-23.59.57:088][  0]LogTargetPlatformManager: Display: Loaded TargetPlatform 'WindowsNoEditor'
[2022.03.22-23.59.57:123][  0]LogTargetPlatformManager: Display: Loaded TargetPlatform 'Windows'
[2022.03.22-23.59.57:161][  0]LogTargetPlatformManager: Display: Loaded TargetPlatform 'WindowsClient'
[2022.03.22-23.59.57:192][  0]LogTargetPlatformManager: Display: Loaded TargetPlatform 'WindowsServer'
[2022.03.22-23.59.57:193][  0]LogTargetPlatformManager: Display: Building Assets For Windows
[2022.03.22-23.59.57:336][  0]LogAudioDebug: Display: Lib vorbis DLL was dynamically loaded.
[2022.03.22-23.59.57:769][  0]LogTextureFormatOodle: Display: Oodle Texture 2.9.0 init RDO Off
[2022.03.22-23.59.58:151][  0]LogRendererCore: Ray tracing is disabled. Reason: r.RayTracing=0.
[2022.03.22-23.59.58:151][  0]LogShaderCompilers: Guid format shader working directory is 6 characters bigger than the processId version (../../../../../../Repos/GPR300Quiz3/Quiz3/Intermediate/Shaders/WorkingDirectory/920/).
[2022.03.22-23.59.58:151][  0]LogShaderCompilers: Cleaned the shader compiler working directory 'C:/Users/schoe/AppData/Local/Temp/UnrealShaderWorkingDir/2B8F8F3F48305D6CCE0AB8B05F83B20C/'.
[2022.03.22-23.59.58:151][  0]LogXGEController: Cannot use XGE Controller as Incredibuild is not installed on this machine.
[2022.03.22-23.59.58:151][  0]LogShaderCompilers: Cannot use XGE Shader Compiler as Incredibuild is not installed on this machine.
[2022.03.22-23.59.58:151][  0]LogShaderCompilers: Display: Using Local Shader Compiler.
[2022.03.22-23.59.58:878][  0]LogDerivedDataCache: Display: Max Cache Size: 512 MB
[2022.03.22-23.59.59:066][  0]LogDerivedDataCache: Loaded boot cache 0.19s 112MB C:/Users/schoe/AppData/Local/UnrealEngine/4.27/DerivedDataCache/Boot.ddc.
[2022.03.22-23.59.59:066][  0]LogDerivedDataCache: Display: Loaded Boot cache: C:/Users/schoe/AppData/Local/UnrealEngine/4.27/DerivedDataCache/Boot.ddc
[2022.03.22-23.59.59:066][  0]LogDerivedDataCache: FDerivedDataBackendGraph:  Pak pak cache file ../../../../../../Repos/GPR300Quiz3/Quiz3/DerivedDataCache/DDC.ddp not found, will not use a pak cache.
[2022.03.22-23.59.59:066][  0]LogDerivedDataCache: Unable to find inner node Pak for hierarchical cache Hierarchy.
[2022.03.22-23.59.59:066][  0]LogDerivedDataCache: FDerivedDataBackendGraph:  CompressedPak pak cache file ../../../../../../Repos/GPR300Quiz3/Quiz3/DerivedDataCache/Compressed.ddp not found, will not use a pak cache.
[2022.03.22-23.59.59:066][  0]LogDerivedDataCache: Unable to find inner node CompressedPak for hierarchical cache Hierarchy.
[2022.03.22-23.59.59:116][  0]LogDerivedDataCache: Display: Pak cache opened for reading ../../../Engine/DerivedDataCache/Compressed.ddp.
[2022.03.22-23.59.59:116][  0]LogDerivedDataCache: FDerivedDataBackendGraph:  EnterprisePak pak cache file ../../../Enterprise/DerivedDataCache/Compressed.ddp not found, will not use a pak cache.
[2022.03.22-23.59.59:116][  0]LogDerivedDataCache: Unable to find inner node EnterprisePak for hierarchical cache Hierarchy.
[2022.03.22-23.59.59:128][  0]LogDerivedDataCache: Speed tests for C:/Users/schoe/AppData/Local/UnrealEngine/Common/DerivedDataCache took 0.01 seconds
[2022.03.22-23.59.59:128][  0]LogDerivedDataCache: Display: Performance to C:/Users/schoe/AppData/Local/UnrealEngine/Common/DerivedDataCache: Latency=0.08ms. RandomReadSpeed=134.60MBs, RandomWriteSpeed=201.90MBs. Assigned SpeedClass 'Local'
[2022.03.22-23.59.59:129][  0]LogDerivedDataCache: Using Local data cache path C:/Users/schoe/AppData/Local/UnrealEngine/Common/DerivedDataCache: Writable
[2022.03.22-23.59.59:129][  0]LogDerivedDataCache: Shared data cache path not found in *engine.ini, will not use an Shared cache.
[2022.03.22-23.59.59:129][  0]LogDerivedDataCache: Unable to find inner node Shared for hierarchical cache Hierarchy.
[2022.03.22-23.59.59:183][  0]LogSlate: Using FreeType 2.10.0
[2022.03.22-23.59.59:233][  0]LogSlate: SlateFontServices - WITH_FREETYPE: 1, WITH_HARFBUZZ: 1
[2022.03.22-23.59.59:694][  0]LogInit: Using OS detected language (en-US).
[2022.03.22-23.59.59:694][  0]LogInit: Using OS detected locale (en-US).
[2022.03.22-23.59.59:694][  0]LogTextLocalizationManager: No localization for 'en-US' exists, so 'en' will be used for the language.
[2022.03.22-23.59.59:695][  0]LogTextLocalizationManager: No localization for 'en-US' exists, so 'en' will be used for the locale.
[2022.03.22-23.59.59:695][  0]LogSlate: FontCache flush requested. Reason: Culture for localization was changed
[2022.03.22-23.59.59:695][  0]LogSlate: FontCache flush requested. Reason: Culture for localization was changed
[2022.03.22-23.59.59:707][  0]LogTextLocalizationManager: Compacting localization data took   0.00ms
[2022.03.22-23.59.59:707][  0]LogAssetRegistry: FAssetRegistry took 0.0016 seconds to start up
[2022.03.22-23.59.59:926][  0]LogPackageLocalizationCache: Processed 27 localized package path(s) for 1 prioritized culture(s) in 0.016030 seconds
[2022.03.22-23.59.59:993][  0]LogInit: Selected Device Profile: [Windows]
[2022.03.22-23.59.59:993][  0]LogInit: Active device profile: [000001C601D37200][000001C678D59640 49] Windows
[2022.03.22-23.59.59:993][  0]LogInit: Profiles: [000001C601D37200][000001C678D59640 49] Windows, [000001C601CE5000][000001C678D5D780 49] WindowsNoEditor, [000001C601D35000][000001C678D618C0 49] WindowsServer, [000001C601CE6A00][000001C678FBFA40 49] WindowsClient, [000001C601D36900][000001C678FC3BC0 49] IOS, [000001C601CE5900][000001C678FC61C0 49] iPadAir, [000001C601D35800][000001C678FCA340 49] iPadAir2, [000001C601C9B900][000001C678FD2600 49] IPadPro, [000001C601C9BA00][000001C678FCE640 49] iPadAir3, [000001C601D36300][000001C678FD67C0 49] iPadAir4, [000001C601C99500][000001C678FDA940 49] iPadMini2, [000001C601D37600][000001C678FDEAC0 49] iPadMini3, [000001C601C9A400][000001C678FE2C40 49] iPadMini4, [000001C601D34800][000001C678FE6DC0 49] iPadMini5, [000001C601D07200][000001C678FEF080 49] iPhone6, [000001C601D07300][000001C678FEB0C0 49] iPodTouch6, [000001C601C98500][000001C678FF7380 49] iPhone7, [000001C601C98400][000001C678FF33C0 49] iPodTouch7, [000001C601D05400][000001C678FFB540 49] iPhone5S, [000001C601C9A200][000001C678FFF6C0 49] iPhone6Plus, [000001C601D06500][000001C678D65800 49] iPhone6S, [000001C601C99000][000001C679003940 49] iPhone6SPlus, [000001C601D05C00][000001C679007A80 49] iPhone7Plus, [000001C601C99600][000001C67A4B7C00 49] iPhoneSE, [000001C601D04E00][000001C67A4BA200 49] iPhone8, [000001C601C98E00][000001C67A4BE380 49] iPhone8Plus, [000001C601D06D00][000001C67A4C2500 49] iPhoneX, [000001C601C98A00][000001C67A4C6680 49] iPhoneXS, [000001C601D07900][000001C67A4CA800 49] iPhoneXSMax, [000001C601C99800][000001C67A4CE980 49] iPhoneXR, [000001C601D07D00][000001C67A4D2B00 49] iPhone11, [000001C601C99700][000001C67A4D6C80 49] iPhone11Pro, [000001C601D04D00][000001C67A4DAE00 49] iPhone11ProMax, [000001C601C99300][000001C67A4DEF80 49] iPhoneSE2, [000001C601D06100][000001C67A4E3100 49] iPhone12Mini, [000001C601C9BD00][000001C67A4E7280 49] iPhone12, [000001C601D05600][000001C67A4EB400 49] iPhone12Pro, [000001C601C98700][000001C67A4EF580 49] iPhone12ProMax, [000001C601D04100][000001C67A4F3700 49] iPadPro105, [000001C601C9B600][000001C67A4F7880 49] iPadPro129, [000001C601D06200][000001C67A4B39C0 49] iPadPro97, [000001C601C9AB00][000001C67A4FBB00 49] iPadPro2_129, [000001C601D05300][000001C6021EE0C0 49] iPad5, [000001C601C9BB00][000001C6021F6240 49] iPad6, [000001C601D04300][000001C6021FA3C0 49] iPad7, [000001C601C9B800][000001C6021FE540 49] iPad8, [000001C601D07F00][000001C6022026C0 49] iPadPro11, [000001C601C99C00][000001C602206840 49] iPadPro2_11, [000001C601D04B00][000001C60220A9C0 49] iPadPro3_129, [000001C601C98200][000001C60220EB40 49] iPadPro4_129, [000001C601D06F00][000001C602212CC0 49] AppleTV, [000001C601C98600][000001C602216E40 49] AppleTV4K, [000001C601D06B00][000001C60221AFC0 49] TVOS, [000001C601C9AA00][000001C60221F140 49] Mac, [000001C601D05F00][000001C6022232C0 49] MacClient, [000001C601C98C00][000001C602227440 49] MacNoEditor, [000001C601D06C00][000001C60222B5C0 49] MacServer, [000001C601C99D00][000001C60222F740 49] Linux, [000001C601CE6300][000001C6022338C0 49] LinuxAArch64, [000001C601D64C00][000001C602237A40 49] LinuxNoEditor, [000001C601CE4C00][000001C6021F3B80 49] LinuxAArch64NoEditor, [000001C601D64E00][000001C60223A140 49] LinuxClient, [000001C601CE7200][000001C60223E280 49] LinuxAArch64Client, [000001C601D65B00][000001C6022423C0 49] LinuxServer, [000001C601CE7B00][000001C60224A540 49] LinuxAArch64Server, [000001C601D65A00][000001C60224E6C0 49] Android, [000001C601CE5700][000001C602252840 49] Android_Low, [000001C601D65900][000001C6022569C0 49] Android_Mid, [000001C601CE4E00][000001C60225AB40 49] Android_High, [000001C601D65100][000001C60225ECC0 49] Android_Default, [000001C601CE5A00][000001C602262E40 49] Android_Adreno4xx, [000001C601D64F00][000001C602266FC0 49] Android_Adreno5xx_Low, [000001C601CE5500][000001C60226B140 49] Android_Adreno5xx, [000001C601D65000][000001C60226F2C0 49] Android_Adreno6xx, [000001C601CE4600][000001C602273440 49] Android_Adreno6xx_Vulkan, [000001C601D66100][000001C6022775C0 49] Android_Mali_T6xx, [000001C601CE5100][000001C60227B740 49] Android_Mali_T7xx, [000001C601D66300][000001C60227F8C0 49] Android_Mali_T8xx, [000001C601C9A900][000001C602283A40 49] Android_Mali_G71, [000001C601D04500][000001C602287BC0 49] Android_Mali_G72, [000001C601C98B00][000001C602246180 49] Android_Mali_G72_Vulkan, [000001C601D04C00][000001C60228A2C0 49] Android_Mali_G76, [000001C601C98900][000001C60228E400 49] Android_Mali_G76_Vulkan, [000001C601D05500][000001C602292540 49] Android_Mali_G77, [000001C601C99400][000001C60229A6C0 49] Android_Mali_G77_Vulkan, [000001C601D05700][000001C60229E840 49] Android_Mali_G78, [000001C601C98800][000001C6022A29C0 49] Android_Mali_G78_Vulkan, [000001C601D05D00][000001C6022A6B40 49] Android_Mali_G710, [000001C601C98D00][000001C6022AACC0 49] Android_Mali_G710_Vulkan, [000001C601D64800][000001C6022AEE40 49] Android_Vulkan_SM5, [000001C601C99A00][000001C6022B2FC0 49] Android_PowerVR_G6xxx, [000001C601D65600][000001C6022B7140 49] Android_PowerVR_GT7xxx, [000001C601C9BC00][000001C6022BB2C0 49] Android_PowerVR_GE8xxx, [000001C601D64500][000001C6022BF440 49] Android_PowerVR_GM9xxx, [000001C601C9A600][000001C6022C35C0 49] Android_PowerVR_GM9xxx_Vulkan, [000001C601D64A00][000001C6022C7740 49] Android_TegraK1, [000001C601C9B000][000001C6022CB8C0 49] Android_Unknown_Vulkan, [000001C601D65500][000001C6022CFA40 49] Lumin, [000001C601C9A300][000001C6022D3BC0 49] Lumin_Desktop, [000001C601D64700][000001C6022D61C0 49] HoloLens, 
[2022.03.23-00.00.00:647][  0]LogMeshReduction: Using QuadricMeshReduction for automatic static mesh reduction
[2022.03.23-00.00.00:647][  0]LogMeshReduction: Using SimplygonMeshReduction for automatic skeletal mesh reduction
[2022.03.23-00.00.00:647][  0]LogMeshReduction: Using ProxyLODMeshReduction for automatic mesh merging
[2022.03.23-00.00.00:647][  0]LogMeshReduction: No distributed automatic mesh merging module available
[2022.03.23-00.00.00:647][  0]LogMeshMerging: No distributed automatic mesh merging module available
[2022.03.23-00.00.00:826][  0]LogNetVersion: Quiz3 1.0.0, NetCL: 17155196, EngineNetVer: 17, GameNetVer: 0 (Checksum: 3866826587)
